Build started 10/30/2016 3:56:55 AM.
     1>Project "c:\Users\silentsky\documents\visual studio 2012\Projects\TopDownShooter\TopDownShooter\TopDownShooter.vcxproj" on node 2 (Build target(s)).
     1>ClCompile:
         C:\Program Files (x86)\Microsoft Visual Studio 11.0\VC\bin\CL.exe /c /I"c:\users\silentsky\documents\visual studio 2012\Projects\TopDownShooter\/SFML-2.4.0/include" /ZI /nologo /W3 /WX- /sdl /Od /Oy- /D _MBCS /Gm /EHsc /RTC1 /MDd /GS /fp:precise /Zc:wchar_t /Zc:forScope /Fo"Debug\\" /Fd"Debug\vc110.pdb" /Gd /TP /analyze- /errorReport:prompt Source.cpp game.cpp ship.cpp
         ship.cpp
         game.cpp
     1>c:\users\silentsky\documents\visual studio 2012\projects\topdownshooter\topdownshooter\game.cpp(10): warning C4305: '=' : truncation from 'double' to 'float'
     1>c:\users\silentsky\documents\visual studio 2012\projects\topdownshooter\topdownshooter\game.cpp(12): warning C4305: '=' : truncation from 'double' to 'float'
     1>c:\users\silentsky\documents\visual studio 2012\projects\topdownshooter\topdownshooter\game.cpp(33): warning C4305: 'argument' : truncation from 'double' to 'float'
     1>c:\users\silentsky\documents\visual studio 2012\projects\topdownshooter\topdownshooter\game.cpp(41): warning C4305: 'argument' : truncation from 'double' to 'float'
     1>c:\users\silentsky\documents\visual studio 2012\projects\topdownshooter\topdownshooter\game.cpp(44): warning C4305: 'argument' : truncation from 'double' to 'float'
     1>c:\users\silentsky\documents\visual studio 2012\projects\topdownshooter\topdownshooter\game.cpp(51): warning C4244: 'argument' : conversion from 'float' to 'unsigned int', possible loss of data
     1>c:\users\silentsky\documents\visual studio 2012\projects\topdownshooter\topdownshooter\game.cpp(78): warning C4305: '=' : truncation from 'double' to 'float'
     1>c:\users\silentsky\documents\visual studio 2012\projects\topdownshooter\topdownshooter\game.cpp(80): warning C4305: '=' : truncation from 'double' to 'float'
     1>c:\users\silentsky\documents\visual studio 2012\projects\topdownshooter\topdownshooter\game.cpp(113): warning C4305: 'argument' : truncation from 'double' to 'float'
     1>c:\users\silentsky\documents\visual studio 2012\projects\topdownshooter\topdownshooter\game.cpp(147): warning C4244: 'argument' : conversion from 'int' to 'float', possible loss of data
         Generating Code...
         Skipping... (no relevant changes detected)
         Source.cpp
       Link:
         C:\Program Files (x86)\Microsoft Visual Studio 11.0\VC\bin\link.exe /ERRORREPORT:PROMPT /OUT:"c:\users\silentsky\documents\visual studio 2012\Projects\TopDownShooter\Debug\TopDownShooter.exe" /INCREMENTAL /NOLOGO /LIBPATH:"c:\users\silentsky\documents\visual studio 2012\Projects\TopDownShooter\/SFML-2.4.0/lib" "sfml-main-d.lib" "sfml-graphics-d.lib" "sfml-window-d.lib" "sfml-system-d.lib" "sfml-audio-d.lib" "sfml-network-d.lib" kernel32.lib user32.lib gdi32.lib winspool.lib comdlg32.lib advapi32.lib shell32.lib ole32.lib oleaut32.lib uuid.lib odbc32.lib odbccp32.lib /MANIFEST /MANIFESTUAC:"level='asInvoker' uiAccess='false'" /manifest:embed /DEBUG /PDB:"c:\users\silentsky\documents\visual studio 2012\Projects\TopDownShooter\Debug\TopDownShooter.pdb" /TLBID:1 /DYNAMICBASE /NXCOMPAT /IMPLIB:"c:\users\silentsky\documents\visual studio 2012\Projects\TopDownShooter\Debug\TopDownShooter.lib" /MACHINE:X86 Debug\bullet.obj
         Debug\ship.obj
         Debug\Source.obj
         Debug\game.obj
         TopDownShooter.vcxproj -> c:\users\silentsky\documents\visual studio 2012\Projects\TopDownShooter\Debug\TopDownShooter.exe
     1>Done Building Project "c:\Users\silentsky\documents\visual studio 2012\Projects\TopDownShooter\TopDownShooter\TopDownShooter.vcxproj" (Build target(s)).

Build succeeded.

Time Elapsed 00:00:02.24
